(some characters truncated)...
{1} loading={isLoadingGroupInfo}>
                                                                           ~~~~~~~

src/components/chat/MessageList.tsx:2:24 - error TS6133: 'Typography' is declared but its value is never read.

2 import { List, Avatar, Typography, Image, Button, Modal } from 'antd';        
                         ~~~~~~~~~~

src/components/chat/MessageList.tsx:2:36 - error TS6133: 'Image' is declared but its value is never read.

2 import { List, Avatar, Typography, Image, Button, Modal } from 'antd';        
                                     ~~~~~

src/components/chat/MessageList.tsx:48:48 - error TS2322: Type 'Uint8Array<ArrayBufferLike>' is not assignable to type 'BlobPart'.
  Type 'Uint8Array<ArrayBufferLike>' is not assignable to type 'ArrayBufferView<ArrayBuffer>'.
    Types of property 'buffer' are incompatible.
      Type 'ArrayBufferLike' is not assignable to type 'ArrayBuffer'.
        Type 'SharedArrayBuffer' is not assignable to type 'ArrayBuffer'.       
          Types of property '[Symbol.toStringTag]' are incompatible.
            Type '"SharedArrayBuffer"' is not assignable to type '"ArrayBuffer"'.

48                         const blob = new Blob([buffer]);
                                                  ~~~~~~

src/components/chat/MessageList.tsx:64:48 - error TS2322: Type 'Uint8Array<ArrayBufferLike>' is not assignable to type 'BlobPart'.
  Type 'Uint8Array<ArrayBufferLike>' is not assignable to type 'ArrayBufferView<ArrayBuffer>'.
    Types of property 'buffer' are incompatible.
      Type 'ArrayBufferLike' is not assignable to type 'ArrayBuffer'.
        Type 'SharedArrayBuffer' is not assignable to type 'ArrayBuffer'.       
          Types of property '[Symbol.toStringTag]' are incompatible.
            Type '"SharedArrayBuffer"' is not assignable to type '"ArrayBuffer"'.

64                         const blob = new Blob([buffer]);
                                                  ~~~~~~

src/components/chat/Sidebar.tsx:45:9 - error TS6133: 'isAIViewActive' is declared but its value is never read.

45         isAIViewActive
           ~~~~~~~~~~~~~~

src/components/common/ErrorBoundary.tsx:1:8 - error TS6133: 'React' is declared but its value is never read.

1 import React, { Component, ErrorInfo, ReactNode } from 'react';
         ~~~~~

src/routes/AppRouter.tsx:3:1 - error TS6133: 'Spin' is declared but its value is never read.

3 import { Spin } from 'antd';
  ~~~~~~~~~~~~~~~~~~~~~~~~~~~~

src/stores/aiChatStore.ts:225:25 - error TS2322: Type 'AIConfig' is not assignable to type 'LLMConfig'.
  Types of property 'apiKey' are incompatible.
    Type 'string | null' is not assignable to type 'string'.
      Type 'null' is not assignable to type 'string'.

225                         config,
                            ~~~~~~

  src/api/LLMService.ts:16:5
    16     config: LLMConfig;
           ~~~~~~
    The expected type comes from property 'config' which is declared here on type 'LLMStreamOptions'

src/stores/aiChatStore.ts:306:5 - error TS2554: Expected 1 arguments, but got 2.

306     async (userId) => {
        ~~~~~~~~~~~~~~~~~~~
307         if (userId === lastUserId) return;
    ~~~~~~~~~~~~~~~~~~~~~~~~~~~~~~~~~~~~~~~~~~
...
309         await useAIChatStore.getState().resetAndReload();
    ~~~~~~~~~~~~~~~~~~~~~~~~~~~~~~~~~~~~~~~~~~~~~~~~~~~~~~~~~
310     }
    ~~~~~

src/stores/aiChatStore.ts:306:12 - error TS7006: Parameter 'userId' implicitly has an 'any' type.

306     async (userId) => {
               ~~~~~~

src/stores/authStore.ts:2:38 - error TS6133: 'StateStorage' is declared but its value is never read.

2 import { createJSONStorage, persist, StateStorage } from 'zustand/middleware';
                                       ~~~~~~~~~~~~

src/stores/chatStore.ts:9:36 - error TS6133: 'MessageRow' is declared but its value is never read.

9 import { messageDao, roomStateDao, MessageRow } from '../api/db_sqlite';      
                                     ~~~~~~~~~~

src/types/websocket.ts:1:1 - error TS6133: 'Message' is declared but its value is never read.

1 import { Message } from "./models"
  ~~~~~~~~~~~~~~~~~~~~~~~~~~~~~~~~~~


Found 38 errors in 18 files.

Errors  Files
     1  src/api/apiClient.ts:1
     3  src/api/AuthService.ts:18
     3  src/api/db.ts:2
     3  src/api/db_sqlite.ts:2
     5  src/api/FileService.ts:43
     1  src/api/LocalFileService.ts:204
     3  src/api/WebSocketService.ts:10
     4  src/atoms/chatAtoms.ts:3
     1  src/components/ai/ModelConfigModal.tsx:2
     1  src/components/chat/ChatWindow.tsx:177
     4  src/components/chat/MessageList.tsx:2
     1  src/components/chat/Sidebar.tsx:45
     1  src/components/common/ErrorBoundary.tsx:1
     1  src/routes/AppRouter.tsx:3
     3  src/stores/aiChatStore.ts:225
     1  src/stores/authStore.ts:2
     1  src/stores/chatStore.ts:9
     1  src/types/websocket.ts:1