curl --request POST \
  --url https://api.siliconflow.cn/v1/images/generations \
  --header 'Authorization: Bearer YOUR-API-KEY' \
  --header 'Content-Type: application/json' \
  --data '{
  "model": "Kwai-Kolors/Kolors",
  "prompt": "an island near sea, with seagulls, moon shining over the sea, light house, boats int he background, fish flying over the sea",
  "image_size": "1024x1024",
  "batch_size": 1,
  "num_inference_steps": 20,
  "guidance_scale": 7.5
}'

//返回值：
{
200:{
  "images": [
    {
      "url": "<string>"
    }
  ],
  "timings": {
    "inference": 123
  },
  "seed": 123
}
400:{
  "code": 20012,
  "message": "<string>",
  "data": "<string>"
}
401:"Invalid token"
403:"Forbidden"
404:"404 page not found"
429:{
  "message": "Request was rejected due to rate limiting. If you want more, please contact contact@siliconflow.cn. Details:TPM limit reached.",
  "data": "<string>"
}
503:{
  "code": 50505,
  "message": "Model service overloaded. Please try again later.",
  "data": "<string>"
}
504:"<string>"
}