Formatter
normalize_coordinator_output
succeeded
input: {"thought":"当前任务是生成可爱小企鹅图片，无需更多上下文，直接执行生成","action":{"tool":"generate_image","input":"a cute little penguin, fluffy, ado...
output: {"thought":"当前任务是生成可爱小企鹅图片，无需更多上下文，直接执行生成","action":{"tool":"generate_image","input":"a cute little penguin, fluffy, adorable, big eyes, soft lighting, cartoon...
#6
Validator
validate_coordinator_output
succeeded
input: {"thought":"当前任务是生成可爱小企鹅图片，无需更多上下文，直接执行生成","action":{"tool":"generate_image","input":"a cute little penguin, fluffy, ado...
output: {"thought":"当前任务是生成可爱小企鹅图片，无需更多上下文，直接执行生成","action":{"tool":"generate_image","input":"a cute little penguin, fluffy, adorable, big eyes, soft lighting, cartoon...
#7
Executor
generate_image
failed
input: a cute little penguin, fluffy, adorable, big eyes, soft lighting, cartoon style, pastel colors, happy expression
error: json: cannot unmarshal number 3.67 into Go struct field .timings.inference of type int64
#8
Formatter
normalize_coordinator_output
succeeded
input: {
  "thought": "当前任务为生成可爱的小企鹅图片，上一轮 generate_image 因 JSON 解析错误失败，可能 prompt 格式需调整。先重新生成图片",
  "action": {
    "tool": "ge...
output: {"thought":"当前任务为生成可爱的小企鹅图片，上一轮 generate_image 因 JSON 解析错误失败，可能 prompt 格式需调整。先重新生成图片","action":{"tool":"generate_image","input":"a cute little penguin, fluffy,...
#9
Validator
validate_coordinator_output
succeeded
input: {"thought":"当前任务为生成可爱的小企鹅图片，上一轮 generate_image 因 JSON 解析错误失败，可能 prompt 格式需调整。先重新生成图片","action":{"tool":"generate_image",...
output: {"thought":"当前任务为生成可爱的小企鹅图片，上一轮 generate_image 因 JSON 解析错误失败，可能 prompt 格式需调整。先重新生成图片","action":{"tool":"generate_image","input":"a cute little penguin, fluffy,...
#10
Executor
generate_image
failed
input: a cute little penguin, fluffy, big round eyes, waddling on ice, soft lighting, cartoon style, adorable
error: json: cannot unmarshal number 3.602 into Go struct field .timings.inference of type int64
#11
Formatter
normalize_coordinator_output
succeeded
input: {
  "thought": "当前优先级任务是根据目标生成图片。由于上一轮generate_image失败，但错误可能源于参数类型不匹配，而系统提示仅接受prompt文本，因此可以尝试提交更简单的提示词并避免触发类型问题。尝试重新生成。"...
output: {"thought":"当前优先级任务是根据目标生成图片。由于上一轮generate_image失败，但错误可能源于参数类型不匹配，而系统提示仅接受prompt文本，因此可以尝试提交更简单的提示词并避免触发类型问题。尝试重新生成。","action":{"tool":"generate_image","input":"...
#12
Validator
validate_coordinator_output
succeeded
input: {"thought":"当前优先级任务是根据目标生成图片。由于上一轮generate_image失败，但错误可能源于参数类型不匹配，而系统提示仅接受prompt文本，因此可以尝试提交更简单的提示词并避免触发类型问题。尝试重新生成。","ac...
output: {"thought":"当前优先级任务是根据目标生成图片。由于上一轮generate_image失败，但错误可能源于参数类型不匹配，而系统提示仅接受prompt文本，因此可以尝试提交更简单的提示词并避免触发类型问题。尝试重新生成。","action":{"tool":"generate_image","input":"...
#13
Executor
generate_image
failed
input: cute little penguin, fluffy, big round eyes, standing on ice, cartoon style
error: json: cannot unmarshal number 4.337 into Go struct field .timings.inference of type int64
#14
Formatter
normalize_coordinator_output
succeeded
input: {
    "thought": "当前小任务是生成可爱企鹅图片，但上一轮因数据类型错误失败。可能提示词参数或系统内部问题，但任务还需继续。应直接基于任务目标重新生成图片，使用合适的提示词。",
    "action": {...
output: {"thought": "当前小任务是生成可爱企鹅图片，但上一轮因数据类型错误失败。可能提示词参数或系统内部问题，但任务还需继续。应直接基于任务目标重新生成图片，使用合适的提示词。", "action": {"tool": "generate_image", "input": "一只可爱的小企鹅，卡通风格，大眼睛，胖乎...
#15
Validator
validate_coordinator_output
succeeded
input: {"thought": "当前小任务是生成可爱企鹅图片，但上一轮因数据类型错误失败。可能提示词参数或系统内部问题，但任务还需继续。应直接基于任务目标重新生成图片，使用合适的提示词。", "action": {"tool": "generat...
output: {"thought":"当前小任务是生成可爱企鹅图片，但上一轮因数据类型错误失败。可能提示词参数或系统内部问题，但任务还需继续。应直接基于任务目标重新生成图片，使用合适的提示词。","action":{"tool":"generate_image","input":"一只可爱的小企鹅，卡通风格，大眼睛，胖乎乎身体，站在...
#16
Executor
generate_image
failed
input: 一只可爱的小企鹅，卡通风格，大眼睛，胖乎乎身体，站在冰面上，背景有雪花，明亮色彩，高清
error: json: cannot unmarshal number 3.797 into Go struct field .timings.inference of type int64